2025-11-07 13:04:36,875 INFO root: Deleted old log folder: logs\2025-11-03
2025-11-07 13:04:36,876 INFO root: Deleted old log folder: logs\2025-11-04
2025-11-07 13:04:36,878 INFO root: Logger initialized, writing to logs\2025-11-07\app.log
2025-11-07 13:04:36,900 INFO root: Deleted old log folder: logs\2025-11-03
2025-11-07 13:04:36,901 INFO root: Deleted old log folder: logs\2025-11-04
2025-11-07 13:04:36,903 INFO root: Logger initialized, writing to logs\2025-11-07\app.log
2025-11-07 13:04:38,852 INFO root: Deleted old log folder: logs\2025-11-03
2025-11-07 13:04:38,854 INFO root: Deleted old log folder: logs\2025-11-04
2025-11-07 13:04:38,857 INFO root: Logger initialized, writing to logs\2025-11-07\app.log
2025-11-07 13:04:38,864 INFO root: Deleted old log folder: logs\2025-11-03
2025-11-07 13:04:38,866 INFO root: Deleted old log folder: logs\2025-11-04
2025-11-07 13:04:38,868 INFO root: Logger initialized, writing to logs\2025-11-07\app.log
2025-11-07 13:04:38,882 INFO root: Deleted old log folder: logs\2025-11-03
2025-11-07 13:04:38,883 INFO root: Deleted old log folder: logs\2025-11-04
2025-11-07 13:04:38,885 INFO root: Logger initialized, writing to logs\2025-11-07\app.log
2025-11-07 13:04:38,890 INFO root: Deleted old log folder: logs\2025-11-03
2025-11-07 13:04:38,892 INFO root: Deleted old log folder: logs\2025-11-04
2025-11-07 13:04:38,894 INFO root: Logger initialized, writing to logs\2025-11-07\app.log
2025-11-07 13:04:38,895 INFO root: Streamlit app started
2025-11-07 13:04:40,953 INFO root:  Database connection established successfully
2025-11-07 13:04:45,181 ERROR root: Database fetch error: (pymysql.err.OperationalError) (2003, "Can't connect to MySQL server on 'localhost' ([WinError 10061] No connection could be made because the target machine actively refused it)")
(Background on this error at: https://sqlalche.me/e/20/e3q8)
2025-11-07 13:09:27,547 INFO root: Deleted old log folder: logs\2025-11-03
2025-11-07 13:09:27,551 INFO root: Deleted old log folder: logs\2025-11-04
2025-11-07 13:09:27,557 INFO root: Logger initialized, writing to logs\2025-11-07\app.log
2025-11-07 13:09:27,561 INFO root: Streamlit app started
2025-11-07 13:09:27,650 INFO root:  Database connection established successfully
2025-11-07 13:09:28,825 INFO root: Loaded ACC defects: 2350 rows
2025-11-07 13:09:29,259 INFO root: Loaded SIT defects: 3473 rows
2025-11-07 13:09:29,475 INFO root: Displayed ACC defects table with 2350 rows
2025-11-07 13:09:29,615 INFO root: Displayed SIT defects table with 3473 rows
2025-11-07 13:09:33,193 INFO root: Deleted old log folder: logs\2025-11-03
2025-11-07 13:09:33,196 INFO root: Deleted old log folder: logs\2025-11-04
2025-11-07 13:09:33,199 INFO root: Logger initialized, writing to logs\2025-11-07\app.log
2025-11-07 13:09:33,200 INFO root: Streamlit app started
2025-11-07 13:09:33,289 INFO root:  Database connection established successfully
2025-11-07 13:09:33,441 INFO root: Deleted old log folder: logs\2025-11-03
2025-11-07 13:09:33,443 INFO root: Deleted old log folder: logs\2025-11-04
2025-11-07 13:09:33,445 INFO root: Logger initialized, writing to logs\2025-11-07\app.log
2025-11-07 13:09:33,446 INFO root: Streamlit app started
2025-11-07 13:09:33,536 INFO root:  Database connection established successfully
2025-11-07 13:09:33,844 INFO root: Loaded ACC defects: 2350 rows
2025-11-07 13:09:34,247 INFO root: Loaded SIT defects: 3473 rows
2025-11-07 13:09:34,480 INFO root: Displayed ACC defects table with 2350 rows
2025-11-07 13:09:34,773 INFO root: Displayed SIT defects table with 3473 rows
2025-11-07 13:09:43,242 INFO root: Deleted old log folder: logs\2025-11-03
2025-11-07 13:09:43,244 INFO root: Deleted old log folder: logs\2025-11-04
2025-11-07 13:09:43,246 INFO root: Logger initialized, writing to logs\2025-11-07\app.log
2025-11-07 13:09:43,249 INFO root: Streamlit app started
2025-11-07 13:09:43,309 INFO root:  Database connection established successfully
2025-11-07 13:09:43,449 INFO root: Deleted old log folder: logs\2025-11-03
2025-11-07 13:09:43,450 INFO root: Deleted old log folder: logs\2025-11-04
2025-11-07 13:09:43,454 INFO root: Logger initialized, writing to logs\2025-11-07\app.log
2025-11-07 13:09:43,455 INFO root: Streamlit app started
2025-11-07 13:09:43,529 INFO root:  Database connection established successfully
2025-11-07 13:09:43,788 INFO root: Loaded ACC defects: 2350 rows
2025-11-07 13:09:44,063 INFO root: Loaded SIT defects: 3473 rows
2025-11-07 13:09:44,218 INFO root: Displayed ACC defects table with 2350 rows
2025-11-07 13:09:44,302 INFO root: Displayed SIT defects table with 3473 rows
2025-11-07 13:09:46,103 INFO root: Deleted old log folder: logs\2025-11-03
2025-11-07 13:09:46,105 INFO root: Deleted old log folder: logs\2025-11-04
2025-11-07 13:09:46,106 INFO root: Logger initialized, writing to logs\2025-11-07\app.log
2025-11-07 13:09:46,109 INFO root: Streamlit app started
2025-11-07 13:09:46,168 INFO root:  Database connection established successfully
2025-11-07 13:09:46,305 INFO root: Deleted old log folder: logs\2025-11-03
2025-11-07 13:09:46,306 INFO root: Deleted old log folder: logs\2025-11-04
2025-11-07 13:09:46,308 INFO root: Logger initialized, writing to logs\2025-11-07\app.log
2025-11-07 13:09:46,314 INFO root: Streamlit app started
2025-11-07 13:09:46,379 INFO root:  Database connection established successfully
2025-11-07 13:09:46,751 INFO root: Loaded ACC defects: 2350 rows
2025-11-07 13:09:47,068 INFO root: Loaded SIT defects: 3473 rows
2025-11-07 13:09:47,182 INFO root: Displayed ACC defects table with 2350 rows
2025-11-07 13:09:47,252 INFO root: Displayed SIT defects table with 3473 rows
2025-11-07 13:09:50,183 INFO root: Deleted old log folder: logs\2025-11-03
2025-11-07 13:09:50,185 INFO root: Deleted old log folder: logs\2025-11-04
2025-11-07 13:09:50,187 INFO root: Logger initialized, writing to logs\2025-11-07\app.log
2025-11-07 13:09:50,189 INFO root: Streamlit app started
2025-11-07 13:09:50,249 INFO root:  Database connection established successfully
2025-11-07 13:09:50,419 INFO root: Deleted old log folder: logs\2025-11-03
2025-11-07 13:09:50,421 INFO root: Deleted old log folder: logs\2025-11-04
2025-11-07 13:09:50,423 INFO root: Logger initialized, writing to logs\2025-11-07\app.log
2025-11-07 13:09:50,425 INFO root: Streamlit app started
2025-11-07 13:09:50,495 INFO root:  Database connection established successfully
2025-11-07 13:09:50,945 INFO root: Loaded ACC defects: 2350 rows
2025-11-07 13:09:51,342 INFO root: Loaded SIT defects: 3473 rows
2025-11-07 13:09:51,583 INFO root: Displayed ACC defects table with 2350 rows
2025-11-07 13:09:51,833 INFO root: Displayed SIT defects table with 3473 rows
2025-11-07 13:17:02,953 INFO root: Deleted old log folder: logs\2025-11-03
2025-11-07 13:17:02,957 INFO root: Deleted old log folder: logs\2025-11-04
2025-11-07 13:17:02,961 INFO root: Logger initialized, writing to logs\2025-11-07\app.log
2025-11-07 13:17:02,972 INFO root: Deleted old log folder: logs\2025-11-03
2025-11-07 13:17:02,973 INFO root: Deleted old log folder: logs\2025-11-04
2025-11-07 13:17:02,974 INFO root: Logger initialized, writing to logs\2025-11-07\app.log
2025-11-07 13:17:02,981 INFO root: Deleted old log folder: logs\2025-11-03
2025-11-07 13:17:02,981 INFO root: Deleted old log folder: logs\2025-11-04
2025-11-07 13:17:02,983 INFO root: Logger initialized, writing to logs\2025-11-07\app.log
2025-11-07 13:17:02,993 INFO root: Deleted old log folder: logs\2025-11-03
2025-11-07 13:17:02,994 INFO root: Deleted old log folder: logs\2025-11-04
2025-11-07 13:17:02,995 INFO root: Logger initialized, writing to logs\2025-11-07\app.log
2025-11-07 13:17:03,003 INFO root: Deleted old log folder: logs\2025-11-03
2025-11-07 13:17:03,003 INFO root: Deleted old log folder: logs\2025-11-04
2025-11-07 13:17:03,004 INFO root: Logger initialized, writing to logs\2025-11-07\app.log
2025-11-07 13:17:03,011 INFO root: Deleted old log folder: logs\2025-11-03
2025-11-07 13:17:03,011 INFO root: Deleted old log folder: logs\2025-11-04
2025-11-07 13:17:03,013 INFO root: Logger initialized, writing to logs\2025-11-07\app.log
2025-11-07 13:17:03,016 INFO root: Deleted old log folder: logs\2025-11-03
2025-11-07 13:17:03,016 INFO root: Deleted old log folder: logs\2025-11-04
2025-11-07 13:17:03,017 INFO root: Logger initialized, writing to logs\2025-11-07\app.log
2025-11-07 13:17:03,019 INFO root: Streamlit app started
2025-11-07 13:17:03,071 INFO root:  Database connection established successfully
2025-11-07 13:17:03,498 INFO root: Loaded ACC defects: 2350 rows
2025-11-07 13:17:03,588 INFO root: Loaded SIT defects: 3473 rows
2025-11-07 13:17:03,746 INFO root: Displayed ACC defects table with 2350 rows
2025-11-07 13:17:03,805 INFO root: Displayed SIT defects table with 3473 rows
2025-11-07 13:17:07,623 INFO root: Deleted old log folder: logs\2025-11-03
2025-11-07 13:17:07,624 INFO root: Deleted old log folder: logs\2025-11-04
2025-11-07 13:17:07,625 INFO root: Logger initialized, writing to logs\2025-11-07\app.log
2025-11-07 13:17:07,626 INFO root: Streamlit app started
2025-11-07 13:17:07,679 INFO root:  Database connection established successfully
2025-11-07 13:17:07,830 INFO root: Deleted old log folder: logs\2025-11-03
2025-11-07 13:17:07,831 INFO root: Deleted old log folder: logs\2025-11-04
2025-11-07 13:17:07,833 INFO root: Logger initialized, writing to logs\2025-11-07\app.log
2025-11-07 13:17:07,835 INFO root: Streamlit app started
2025-11-07 13:17:07,873 INFO root:  Database connection established successfully
2025-11-07 13:17:08,127 INFO root: Loaded ACC defects: 2350 rows
2025-11-07 13:17:08,337 INFO root: Loaded SIT defects: 3473 rows
2025-11-07 13:17:08,536 INFO root: Displayed ACC defects table with 2350 rows
2025-11-07 13:17:08,637 INFO root: Displayed SIT defects table with 3473 rows
2025-11-07 13:17:15,103 INFO root: Deleted old log folder: logs\2025-11-03
2025-11-07 13:17:15,104 INFO root: Deleted old log folder: logs\2025-11-04
2025-11-07 13:17:15,106 INFO root: Logger initialized, writing to logs\2025-11-07\app.log
2025-11-07 13:17:15,107 INFO root: Streamlit app started
2025-11-07 13:17:15,129 INFO root:  Database connection established successfully
2025-11-07 13:17:15,213 INFO root: Deleted old log folder: logs\2025-11-03
2025-11-07 13:17:15,215 INFO root: Deleted old log folder: logs\2025-11-04
2025-11-07 13:17:15,216 INFO root: Logger initialized, writing to logs\2025-11-07\app.log
2025-11-07 13:17:15,216 INFO root: Streamlit app started
2025-11-07 13:17:15,250 INFO root:  Database connection established successfully
2025-11-07 13:17:15,428 INFO root: Loaded ACC defects: 2350 rows
2025-11-07 13:17:15,510 INFO root: Loaded SIT defects: 3473 rows
2025-11-07 13:17:15,677 INFO root: Displayed ACC defects table with 2350 rows
2025-11-07 13:17:15,750 INFO root: Displayed SIT defects table with 3473 rows
2025-11-07 13:17:45,465 INFO root: Deleted old log folder: logs\2025-11-03
2025-11-07 13:17:45,466 INFO root: Deleted old log folder: logs\2025-11-04
2025-11-07 13:17:45,468 INFO root: Logger initialized, writing to logs\2025-11-07\app.log
2025-11-07 13:17:45,478 INFO root: Deleted old log folder: logs\2025-11-03
2025-11-07 13:17:45,479 INFO root: Deleted old log folder: logs\2025-11-04
2025-11-07 13:17:45,481 INFO root: Logger initialized, writing to logs\2025-11-07\app.log
2025-11-07 13:17:45,489 INFO root: Deleted old log folder: logs\2025-11-03
2025-11-07 13:17:45,491 INFO root: Deleted old log folder: logs\2025-11-04
2025-11-07 13:17:45,492 INFO root: Logger initialized, writing to logs\2025-11-07\app.log
2025-11-07 13:17:45,500 INFO root: Deleted old log folder: logs\2025-11-03
2025-11-07 13:17:45,502 INFO root: Deleted old log folder: logs\2025-11-04
2025-11-07 13:17:45,503 INFO root: Logger initialized, writing to logs\2025-11-07\app.log
2025-11-07 13:17:45,510 INFO root: Deleted old log folder: logs\2025-11-03
2025-11-07 13:17:45,511 INFO root: Deleted old log folder: logs\2025-11-04
2025-11-07 13:17:45,512 INFO root: Logger initialized, writing to logs\2025-11-07\app.log
2025-11-07 13:17:45,520 INFO root: Deleted old log folder: logs\2025-11-03
2025-11-07 13:17:45,521 INFO root: Deleted old log folder: logs\2025-11-04
2025-11-07 13:17:45,523 INFO root: Logger initialized, writing to logs\2025-11-07\app.log
2025-11-07 13:17:45,527 INFO root: Deleted old log folder: logs\2025-11-03
2025-11-07 13:17:45,528 INFO root: Deleted old log folder: logs\2025-11-04
2025-11-07 13:17:45,529 INFO root: Logger initialized, writing to logs\2025-11-07\app.log
2025-11-07 13:17:45,530 INFO root: Streamlit app started
2025-11-07 13:17:45,564 INFO root:  Database connection established successfully
2025-11-07 13:17:58,284 INFO root: Deleted old log folder: logs\2025-11-03
2025-11-07 13:17:58,285 INFO root: Deleted old log folder: logs\2025-11-04
2025-11-07 13:17:58,287 INFO root: Logger initialized, writing to logs\2025-11-07\app.log
2025-11-07 13:17:58,294 INFO root: Deleted old log folder: logs\2025-11-03
2025-11-07 13:17:58,295 INFO root: Deleted old log folder: logs\2025-11-04
2025-11-07 13:17:58,296 INFO root: Logger initialized, writing to logs\2025-11-07\app.log
2025-11-07 13:17:58,304 INFO root: Deleted old log folder: logs\2025-11-03
2025-11-07 13:17:58,304 INFO root: Deleted old log folder: logs\2025-11-04
2025-11-07 13:17:58,305 INFO root: Logger initialized, writing to logs\2025-11-07\app.log
2025-11-07 13:17:58,313 INFO root: Deleted old log folder: logs\2025-11-03
2025-11-07 13:17:58,314 INFO root: Deleted old log folder: logs\2025-11-04
2025-11-07 13:17:58,316 INFO root: Logger initialized, writing to logs\2025-11-07\app.log
2025-11-07 13:17:58,321 INFO root: Deleted old log folder: logs\2025-11-03
2025-11-07 13:17:58,321 INFO root: Deleted old log folder: logs\2025-11-04
2025-11-07 13:17:58,322 INFO root: Logger initialized, writing to logs\2025-11-07\app.log
2025-11-07 13:17:58,328 INFO root: Deleted old log folder: logs\2025-11-03
2025-11-07 13:17:58,329 INFO root: Deleted old log folder: logs\2025-11-04
2025-11-07 13:17:58,330 INFO root: Logger initialized, writing to logs\2025-11-07\app.log
2025-11-07 13:17:58,334 INFO root: Deleted old log folder: logs\2025-11-03
2025-11-07 13:17:58,335 INFO root: Deleted old log folder: logs\2025-11-04
2025-11-07 13:17:58,336 INFO root: Logger initialized, writing to logs\2025-11-07\app.log
2025-11-07 13:17:58,336 INFO root: Streamlit app started
2025-11-07 13:17:58,368 INFO root:  Database connection established successfully
2025-11-07 13:17:58,644 INFO root: Loaded ACC defects: 2350 rows
2025-11-07 13:17:58,827 INFO root: Loaded SIT defects: 3473 rows
2025-11-07 13:17:58,910 INFO root: Displayed ACC defects table with 2350 rows
2025-11-07 13:17:58,989 INFO root: Displayed SIT defects table with 3473 rows
2025-11-07 13:18:00,090 INFO root: Deleted old log folder: logs\2025-11-03
2025-11-07 13:18:00,091 INFO root: Deleted old log folder: logs\2025-11-04
2025-11-07 13:18:00,093 INFO root: Logger initialized, writing to logs\2025-11-07\app.log
2025-11-07 13:18:00,094 INFO root: Streamlit app started
2025-11-07 13:18:00,137 INFO root:  Database connection established successfully
2025-11-07 13:18:00,200 INFO root: Deleted old log folder: logs\2025-11-03
2025-11-07 13:18:00,202 INFO root: Deleted old log folder: logs\2025-11-04
2025-11-07 13:18:00,204 INFO root: Logger initialized, writing to logs\2025-11-07\app.log
2025-11-07 13:18:00,206 INFO root: Streamlit app started
2025-11-07 13:18:00,246 INFO root:  Database connection established successfully
2025-11-07 13:18:00,468 INFO root: Loaded ACC defects: 2350 rows
2025-11-07 13:18:00,642 INFO root: Loaded SIT defects: 3473 rows
2025-11-07 13:18:00,704 INFO root: Displayed ACC defects table with 2350 rows
2025-11-07 13:18:00,746 INFO root: Displayed SIT defects table with 3473 rows
2025-11-07 13:18:26,423 INFO root: Deleted old log folder: logs\2025-11-03
2025-11-07 13:18:26,424 INFO root: Deleted old log folder: logs\2025-11-04
2025-11-07 13:18:26,427 INFO root: Logger initialized, writing to logs\2025-11-07\app.log
2025-11-07 13:18:26,428 INFO root: Streamlit app started
2025-11-07 13:18:26,482 INFO root:  Database connection established successfully
2025-11-07 13:18:26,587 INFO root: Deleted old log folder: logs\2025-11-03
2025-11-07 13:18:26,590 INFO root: Deleted old log folder: logs\2025-11-04
2025-11-07 13:18:26,592 INFO root: Logger initialized, writing to logs\2025-11-07\app.log
2025-11-07 13:18:26,594 INFO root: Streamlit app started
2025-11-07 13:18:26,647 INFO root:  Database connection established successfully
2025-11-07 13:18:26,893 INFO root: Loaded ACC defects: 2350 rows
2025-11-07 13:18:27,096 INFO root: Loaded SIT defects: 3473 rows
2025-11-07 13:18:27,189 INFO root: Displayed ACC defects table with 2350 rows
2025-11-07 13:18:27,250 INFO root: Displayed SIT defects table with 3473 rows
2025-11-07 13:18:28,896 INFO root: Deleted old log folder: logs\2025-11-03
2025-11-07 13:18:28,898 INFO root: Deleted old log folder: logs\2025-11-04
2025-11-07 13:18:28,900 INFO root: Logger initialized, writing to logs\2025-11-07\app.log
2025-11-07 13:18:28,902 INFO root: Streamlit app started
2025-11-07 13:18:28,968 INFO root:  Database connection established successfully
2025-11-07 13:18:29,060 INFO root: Deleted old log folder: logs\2025-11-03
2025-11-07 13:18:29,062 INFO root: Deleted old log folder: logs\2025-11-04
2025-11-07 13:18:29,063 INFO root: Logger initialized, writing to logs\2025-11-07\app.log
2025-11-07 13:18:29,065 INFO root: Streamlit app started
2025-11-07 13:18:29,110 INFO root:  Database connection established successfully
2025-11-07 13:18:29,383 INFO root: Loaded ACC defects: 2350 rows
2025-11-07 13:18:29,644 INFO root: Loaded SIT defects: 3473 rows
2025-11-07 13:18:30,000 INFO root: Displayed ACC defects table with 2350 rows
2025-11-07 13:18:30,134 INFO root: Displayed SIT defects table with 3473 rows
2025-11-07 13:18:48,120 INFO root: Deleted old log folder: logs\2025-11-03
2025-11-07 13:18:48,121 INFO root: Deleted old log folder: logs\2025-11-04
2025-11-07 13:18:48,124 INFO root: Logger initialized, writing to logs\2025-11-07\app.log
2025-11-07 13:18:48,126 INFO root: Streamlit app started
2025-11-07 13:18:48,170 INFO root:  Database connection established successfully
2025-11-07 13:18:48,279 INFO root: Deleted old log folder: logs\2025-11-03
2025-11-07 13:18:48,282 INFO root: Deleted old log folder: logs\2025-11-04
2025-11-07 13:18:48,284 INFO root: Logger initialized, writing to logs\2025-11-07\app.log
2025-11-07 13:18:48,286 INFO root: Streamlit app started
2025-11-07 13:18:48,339 INFO root:  Database connection established successfully
2025-11-07 13:18:48,615 INFO root: Loaded ACC defects: 2350 rows
2025-11-07 13:18:48,797 INFO root: Loaded SIT defects: 3473 rows
2025-11-07 13:18:48,905 INFO root: Displayed ACC defects table with 2350 rows
2025-11-07 13:18:48,968 INFO root: Displayed SIT defects table with 3473 rows
2025-11-07 13:29:32,346 INFO root: Deleted old log folder: logs\2025-11-03
2025-11-07 13:29:32,348 INFO root: Deleted old log folder: logs\2025-11-04
2025-11-07 13:29:32,351 INFO root: Logger initialized, writing to logs\2025-11-07\app.log
2025-11-07 13:29:32,383 INFO root: Deleted old log folder: logs\2025-11-03
2025-11-07 13:29:32,386 INFO root: Deleted old log folder: logs\2025-11-04
2025-11-07 13:29:32,388 INFO root: Logger initialized, writing to logs\2025-11-07\app.log
2025-11-07 13:29:32,413 INFO root: Deleted old log folder: logs\2025-11-03
2025-11-07 13:29:32,415 INFO root: Deleted old log folder: logs\2025-11-04
2025-11-07 13:29:32,417 INFO root: Logger initialized, writing to logs\2025-11-07\app.log
2025-11-07 13:29:32,430 INFO root: Deleted old log folder: logs\2025-11-03
2025-11-07 13:29:32,432 INFO root: Deleted old log folder: logs\2025-11-04
2025-11-07 13:29:32,434 INFO root: Logger initialized, writing to logs\2025-11-07\app.log
2025-11-07 13:29:32,445 INFO root: Deleted old log folder: logs\2025-11-03
2025-11-07 13:29:32,447 INFO root: Deleted old log folder: logs\2025-11-04
2025-11-07 13:29:32,450 INFO root: Logger initialized, writing to logs\2025-11-07\app.log
2025-11-07 13:29:32,460 INFO root: Deleted old log folder: logs\2025-11-03
2025-11-07 13:29:32,462 INFO root: Deleted old log folder: logs\2025-11-04
2025-11-07 13:29:32,464 INFO root: Logger initialized, writing to logs\2025-11-07\app.log
2025-11-07 13:29:32,472 INFO root: Deleted old log folder: logs\2025-11-03
2025-11-07 13:29:32,474 INFO root: Deleted old log folder: logs\2025-11-04
2025-11-07 13:29:32,478 INFO root: Logger initialized, writing to logs\2025-11-07\app.log
2025-11-07 13:29:32,479 INFO root: Streamlit app started
2025-11-07 13:29:32,497 INFO root: Deleted old log folder: logs\2025-11-03
2025-11-07 13:29:32,499 INFO root: Deleted old log folder: logs\2025-11-04
2025-11-07 13:29:32,504 INFO root: Logger initialized, writing to logs\2025-11-07\app.log
2025-11-07 13:29:32,506 INFO root: Streamlit app started
2025-11-07 13:29:32,747 INFO root:  Database connection established successfully
2025-11-07 13:29:33,043 INFO root: Loaded ACC defects: 2350 rows
2025-11-07 13:29:33,230 INFO root: Loaded SIT defects: 3473 rows
2025-11-07 13:29:33,322 INFO root: Displayed ACC defects table with 2350 rows
2025-11-07 13:29:33,389 INFO root: Displayed SIT defects table with 3473 rows
2025-11-07 13:29:33,401 INFO root: User searched for Issue Key: OS-29229
2025-11-07 13:29:33,466 INFO root: Displaying ACC defect details for Issue Key: OS-29229
2025-11-07 13:29:37,706 INFO root: Deleted old log folder: logs\2025-11-03
2025-11-07 13:29:37,708 INFO root: Deleted old log folder: logs\2025-11-04
2025-11-07 13:29:37,710 INFO root: Logger initialized, writing to logs\2025-11-07\app.log
2025-11-07 13:29:37,711 INFO root: Streamlit app started
2025-11-07 13:29:37,763 INFO root:  Database connection established successfully
2025-11-07 13:29:37,973 INFO root: Loaded ACC defects: 2350 rows
2025-11-07 13:29:38,126 INFO root: Loaded SIT defects: 3473 rows
2025-11-07 13:29:38,220 INFO root: Displayed ACC defects table with 2350 rows
2025-11-07 13:29:38,279 INFO root: Displayed SIT defects table with 3473 rows
2025-11-07 13:29:38,290 INFO root: Displaying ACC defect details for Issue Key: OS-29229
2025-11-07 13:29:39,900 INFO root: Deleted old log folder: logs\2025-11-03
2025-11-07 13:29:39,902 INFO root: Deleted old log folder: logs\2025-11-04
2025-11-07 13:29:39,904 INFO root: Logger initialized, writing to logs\2025-11-07\app.log
2025-11-07 13:29:39,905 INFO root: Streamlit app started
2025-11-07 13:29:39,949 INFO root:  Database connection established successfully
2025-11-07 13:29:40,132 INFO root: Loaded ACC defects: 2350 rows
2025-11-07 13:29:40,277 INFO root: Loaded SIT defects: 3473 rows
2025-11-07 13:29:40,360 INFO root: Displayed ACC defects table with 2350 rows
2025-11-07 13:29:40,523 INFO root: Displayed SIT defects table with 3473 rows
2025-11-07 13:29:40,540 INFO root: Displaying ACC defect details for Issue Key: OS-29229
2025-11-07 13:29:42,966 INFO root: Deleted old log folder: logs\2025-11-03
2025-11-07 13:29:42,967 INFO root: Deleted old log folder: logs\2025-11-04
2025-11-07 13:29:42,969 INFO root: Logger initialized, writing to logs\2025-11-07\app.log
2025-11-07 13:29:42,970 INFO root: Streamlit app started
2025-11-07 13:29:43,018 INFO root:  Database connection established successfully
2025-11-07 13:29:43,214 INFO root: Loaded ACC defects: 2350 rows
2025-11-07 13:29:43,370 INFO root: Loaded SIT defects: 3473 rows
2025-11-07 13:29:43,451 INFO root: Displayed ACC defects table with 2350 rows
2025-11-07 13:29:43,506 INFO root: Displayed SIT defects table with 3473 rows
2025-11-07 13:29:43,520 INFO root: Displaying ACC defect details for Issue Key: OS-29229
2025-11-07 13:29:43,641 INFO root: ACC search returned 697 rows for keyword 'error'
2025-11-07 13:29:43,666 INFO root: SIT search returned 174 rows for keyword 'error'
2025-11-07 13:29:44,108 INFO root: Generating OSF-System chart for ACC with 8 categories
2025-11-07 13:29:44,243 INFO root: Generating OSF-System chart for SIT with 7 categories
2025-11-07 13:29:44,299 INFO root: Generating vendor+application chart for ACC with 47 categories
2025-11-07 13:29:44,347 INFO root: Generating vendor+application chart for SIT with 17 categories
2025-11-07 13:30:06,936 INFO root: Deleted old log folder: logs\2025-11-03
2025-11-07 13:30:06,937 INFO root: Deleted old log folder: logs\2025-11-04
2025-11-07 13:30:06,938 INFO root: Logger initialized, writing to logs\2025-11-07\app.log
2025-11-07 13:30:06,951 INFO root: Deleted old log folder: logs\2025-11-03
2025-11-07 13:30:06,952 INFO root: Deleted old log folder: logs\2025-11-04
2025-11-07 13:30:06,954 INFO root: Logger initialized, writing to logs\2025-11-07\app.log
2025-11-07 13:30:06,971 INFO root: Deleted old log folder: logs\2025-11-03
2025-11-07 13:30:06,975 INFO root: Deleted old log folder: logs\2025-11-04
2025-11-07 13:30:06,976 INFO root: Logger initialized, writing to logs\2025-11-07\app.log
2025-11-07 13:30:06,984 INFO root: Deleted old log folder: logs\2025-11-03
2025-11-07 13:30:06,984 INFO root: Deleted old log folder: logs\2025-11-04
2025-11-07 13:30:06,986 INFO root: Logger initialized, writing to logs\2025-11-07\app.log
2025-11-07 13:30:06,994 INFO root: Deleted old log folder: logs\2025-11-03
2025-11-07 13:30:06,995 INFO root: Deleted old log folder: logs\2025-11-04
2025-11-07 13:30:06,997 INFO root: Logger initialized, writing to logs\2025-11-07\app.log
2025-11-07 13:30:07,004 INFO root: Deleted old log folder: logs\2025-11-03
2025-11-07 13:30:07,005 INFO root: Deleted old log folder: logs\2025-11-04
2025-11-07 13:30:07,007 INFO root: Logger initialized, writing to logs\2025-11-07\app.log
2025-11-07 13:30:07,009 INFO root: Deleted old log folder: logs\2025-11-03
2025-11-07 13:30:07,010 INFO root: Deleted old log folder: logs\2025-11-04
2025-11-07 13:30:07,011 INFO root: Logger initialized, writing to logs\2025-11-07\app.log
2025-11-07 13:30:07,012 INFO root: Streamlit app started
2025-11-07 13:30:07,041 INFO root:  Database connection established successfully
2025-11-07 13:30:07,173 INFO root: Loaded ACC defects: 2350 rows
2025-11-07 13:30:07,269 INFO root: Loaded SIT defects: 3473 rows
2025-11-07 13:30:07,315 INFO root: Displayed ACC defects table with 2350 rows
2025-11-07 13:30:07,337 INFO root: Displayed SIT defects table with 3473 rows
2025-11-07 13:30:15,368 INFO root: Deleted old log folder: logs\2025-11-03
2025-11-07 13:30:15,372 INFO root: Deleted old log folder: logs\2025-11-04
2025-11-07 13:30:15,375 INFO root: Logger initialized, writing to logs\2025-11-07\app.log
2025-11-07 13:30:15,376 INFO root: Streamlit app started
2025-11-07 13:30:15,426 INFO root:  Database connection established successfully
2025-11-07 13:30:15,626 INFO root: Loaded ACC defects: 2350 rows
2025-11-07 13:30:15,629 INFO root: Deleted old log folder: logs\2025-11-03
2025-11-07 13:30:15,631 INFO root: Deleted old log folder: logs\2025-11-04
2025-11-07 13:30:15,633 INFO root: Logger initialized, writing to logs\2025-11-07\app.log
2025-11-07 13:30:15,634 INFO root: Streamlit app started
2025-11-07 13:30:15,678 INFO root:  Database connection established successfully
2025-11-07 13:30:16,070 INFO root: Loaded SIT defects: 3473 rows
2025-11-07 13:30:16,253 INFO root: Loaded ACC defects: 2350 rows
2025-11-07 13:30:16,437 INFO root: Loaded SIT defects: 3473 rows
2025-11-07 13:30:16,526 INFO root: Displayed ACC defects table with 2350 rows
2025-11-07 13:30:16,585 INFO root: Displayed SIT defects table with 3473 rows
2025-11-07 13:30:16,594 INFO root: User searched for Issue Key: OS-25488
2025-11-07 13:30:58,041 INFO root: Deleted old log folder: logs\2025-11-03
2025-11-07 13:30:58,046 INFO root: Deleted old log folder: logs\2025-11-04
2025-11-07 13:30:58,048 INFO root: Logger initialized, writing to logs\2025-11-07\app.log
2025-11-07 13:30:58,054 INFO root: Deleted old log folder: logs\2025-11-03
2025-11-07 13:30:58,055 INFO root: Deleted old log folder: logs\2025-11-04
2025-11-07 13:30:58,057 INFO root: Logger initialized, writing to logs\2025-11-07\app.log
2025-11-07 13:30:58,072 INFO root: Deleted old log folder: logs\2025-11-03
2025-11-07 13:30:58,073 INFO root: Deleted old log folder: logs\2025-11-04
2025-11-07 13:30:58,076 INFO root: Logger initialized, writing to logs\2025-11-07\app.log
2025-11-07 13:30:58,083 INFO root: Deleted old log folder: logs\2025-11-03
2025-11-07 13:30:58,084 INFO root: Deleted old log folder: logs\2025-11-04
2025-11-07 13:30:58,086 INFO root: Logger initialized, writing to logs\2025-11-07\app.log
2025-11-07 13:30:58,091 INFO root: Deleted old log folder: logs\2025-11-03
2025-11-07 13:30:58,093 INFO root: Deleted old log folder: logs\2025-11-04
2025-11-07 13:30:58,095 INFO root: Logger initialized, writing to logs\2025-11-07\app.log
2025-11-07 13:30:58,101 INFO root: Deleted old log folder: logs\2025-11-03
2025-11-07 13:30:58,101 INFO root: Deleted old log folder: logs\2025-11-04
2025-11-07 13:30:58,103 INFO root: Logger initialized, writing to logs\2025-11-07\app.log
2025-11-07 13:30:58,107 INFO root: Deleted old log folder: logs\2025-11-03
2025-11-07 13:30:58,109 INFO root: Deleted old log folder: logs\2025-11-04
2025-11-07 13:30:58,112 INFO root: Logger initialized, writing to logs\2025-11-07\app.log
2025-11-07 13:30:58,113 INFO root: Streamlit app started
2025-11-07 13:30:58,133 INFO root:  Database connection established successfully
2025-11-07 13:30:58,317 INFO root: Loaded ACC defects: 2350 rows
2025-11-07 13:30:58,430 INFO root: Loaded SIT defects: 3473 rows
2025-11-07 13:30:58,471 INFO root: Displayed ACC defects table with 2350 rows
2025-11-07 13:30:58,496 INFO root: Displayed SIT defects table with 3473 rows
2025-11-07 13:32:06,081 INFO root: Deleted old log folder: logs\2025-11-03
2025-11-07 13:32:06,083 INFO root: Deleted old log folder: logs\2025-11-04
2025-11-07 13:32:06,086 INFO root: Logger initialized, writing to logs\2025-11-07\app.log
2025-11-07 13:32:06,087 INFO root: Streamlit app started
2025-11-07 13:32:06,136 INFO root:  Database connection established successfully
2025-11-07 13:32:06,300 INFO root: Deleted old log folder: logs\2025-11-03
2025-11-07 13:32:06,302 INFO root: Deleted old log folder: logs\2025-11-04
2025-11-07 13:32:06,304 INFO root: Logger initialized, writing to logs\2025-11-07\app.log
2025-11-07 13:32:06,307 INFO root: Streamlit app started
2025-11-07 13:32:06,379 INFO root:  Database connection established successfully
2025-11-07 13:32:06,479 INFO root: Loaded ACC defects: 2350 rows
2025-11-07 13:32:06,877 INFO root: Loaded ACC defects: 2350 rows
2025-11-07 13:32:07,030 INFO root: Loaded SIT defects: 3473 rows
2025-11-07 13:32:07,301 INFO root: Loaded SIT defects: 3473 rows
2025-11-07 13:32:07,390 INFO root: Displayed ACC defects table with 2350 rows
2025-11-07 13:32:07,459 INFO root: Displayed SIT defects table with 3473 rows
2025-11-07 13:32:07,469 INFO root: User searched for Issue Key: OS-25212
2025-11-07 13:32:07,499 INFO root: Displaying ACC defect details for Issue Key: OS-25212
2025-11-07 13:32:10,330 INFO root: Deleted old log folder: logs\2025-11-03
2025-11-07 13:32:10,331 INFO root: Deleted old log folder: logs\2025-11-04
2025-11-07 13:32:10,334 INFO root: Logger initialized, writing to logs\2025-11-07\app.log
2025-11-07 13:32:10,335 INFO root: Streamlit app started
2025-11-07 13:32:10,392 INFO root:  Database connection established successfully
2025-11-07 13:32:10,609 INFO root: Loaded ACC defects: 2350 rows
2025-11-07 13:32:10,764 INFO root: Loaded SIT defects: 3473 rows
2025-11-07 13:32:10,835 INFO root: Displayed ACC defects table with 2350 rows
2025-11-07 13:32:10,891 INFO root: Displayed SIT defects table with 3473 rows
2025-11-07 13:36:35,862 INFO root: Deleted old log folder: logs\2025-11-03
2025-11-07 13:36:35,864 INFO root: Deleted old log folder: logs\2025-11-04
2025-11-07 13:36:35,865 INFO root: Logger initialized, writing to logs\2025-11-07\app.log
2025-11-07 13:36:35,888 INFO root: Deleted old log folder: logs\2025-11-03
2025-11-07 13:36:35,888 INFO root: Deleted old log folder: logs\2025-11-04
2025-11-07 13:36:35,890 INFO root: Logger initialized, writing to logs\2025-11-07\app.log
2025-11-07 13:36:35,895 INFO root: Deleted old log folder: logs\2025-11-03
2025-11-07 13:36:35,897 INFO root: Deleted old log folder: logs\2025-11-04
2025-11-07 13:36:35,899 INFO root: Logger initialized, writing to logs\2025-11-07\app.log
2025-11-07 13:36:35,906 INFO root: Deleted old log folder: logs\2025-11-03
2025-11-07 13:36:35,907 INFO root: Deleted old log folder: logs\2025-11-04
2025-11-07 13:36:35,908 INFO root: Logger initialized, writing to logs\2025-11-07\app.log
2025-11-07 13:36:35,915 INFO root: Deleted old log folder: logs\2025-11-03
2025-11-07 13:36:35,916 INFO root: Deleted old log folder: logs\2025-11-04
2025-11-07 13:36:35,918 INFO root: Logger initialized, writing to logs\2025-11-07\app.log
2025-11-07 13:36:35,924 INFO root: Deleted old log folder: logs\2025-11-03
2025-11-07 13:36:35,925 INFO root: Deleted old log folder: logs\2025-11-04
2025-11-07 13:36:35,926 INFO root: Logger initialized, writing to logs\2025-11-07\app.log
2025-11-07 13:36:35,929 INFO root: Deleted old log folder: logs\2025-11-03
2025-11-07 13:36:35,930 INFO root: Deleted old log folder: logs\2025-11-04
2025-11-07 13:36:35,932 INFO root: Logger initialized, writing to logs\2025-11-07\app.log
2025-11-07 13:36:35,934 INFO root: Streamlit app started
2025-11-07 13:36:35,964 INFO root:  Database connection established successfully
2025-11-07 13:36:36,158 INFO root: Loaded ACC defects: 2350 rows
2025-11-07 13:36:36,271 INFO root: Loaded SIT defects: 3473 rows
2025-11-07 13:36:36,323 INFO root: Displayed ACC defects table with 2350 rows
2025-11-07 13:36:36,369 INFO root: Displayed SIT defects table with 3473 rows
2025-11-07 14:01:54,338 INFO root: Deleted old log folder: logs\2025-11-03
2025-11-07 14:01:54,339 INFO root: Deleted old log folder: logs\2025-11-04
2025-11-07 14:01:54,342 INFO root: Logger initialized, writing to logs\2025-11-07\app.log
2025-11-07 14:01:54,349 INFO root: Deleted old log folder: logs\2025-11-03
2025-11-07 14:01:54,350 INFO root: Deleted old log folder: logs\2025-11-04
2025-11-07 14:01:54,351 INFO root: Logger initialized, writing to logs\2025-11-07\app.log
2025-11-07 14:01:55,926 INFO root: Deleted old log folder: logs\2025-11-03
2025-11-07 14:01:55,928 INFO root: Deleted old log folder: logs\2025-11-04
2025-11-07 14:01:55,931 INFO root: Logger initialized, writing to logs\2025-11-07\app.log
2025-11-07 14:01:55,941 INFO root: Deleted old log folder: logs\2025-11-03
2025-11-07 14:01:55,943 INFO root: Deleted old log folder: logs\2025-11-04
2025-11-07 14:01:55,946 INFO root: Logger initialized, writing to logs\2025-11-07\app.log
2025-11-07 14:01:55,958 INFO root: Deleted old log folder: logs\2025-11-03
2025-11-07 14:01:55,960 INFO root: Deleted old log folder: logs\2025-11-04
2025-11-07 14:01:55,963 INFO root: Logger initialized, writing to logs\2025-11-07\app.log
2025-11-07 14:01:55,969 INFO root: Deleted old log folder: logs\2025-11-03
2025-11-07 14:01:55,971 INFO root: Deleted old log folder: logs\2025-11-04
2025-11-07 14:01:55,973 INFO root: Logger initialized, writing to logs\2025-11-07\app.log
2025-11-07 14:01:55,974 INFO root: Streamlit app started
2025-11-07 14:01:57,688 INFO root:  Database connection established successfully
2025-11-07 14:01:57,959 INFO root: Loaded ACC defects: 2350 rows
2025-11-07 14:01:58,123 INFO root: Loaded SIT defects: 3473 rows
2025-11-07 14:01:58,231 INFO root: Displayed ACC defects table with 2350 rows
2025-11-07 14:01:58,285 INFO root: Displayed SIT defects table with 3473 rows
2025-11-07 14:02:00,672 INFO root: Deleted old log folder: logs\2025-11-03
2025-11-07 14:02:00,673 INFO root: Deleted old log folder: logs\2025-11-04
2025-11-07 14:02:00,676 INFO root: Logger initialized, writing to logs\2025-11-07\app.log
2025-11-07 14:02:00,677 INFO root: Streamlit app started
2025-11-07 14:02:00,712 INFO root:  Database connection established successfully
2025-11-07 14:02:00,804 INFO root: Deleted old log folder: logs\2025-11-03
2025-11-07 14:02:00,805 INFO root: Deleted old log folder: logs\2025-11-04
2025-11-07 14:02:00,807 INFO root: Logger initialized, writing to logs\2025-11-07\app.log
2025-11-07 14:02:00,808 INFO root: Streamlit app started
2025-11-07 14:02:00,855 INFO root:  Database connection established successfully
2025-11-07 14:02:01,078 INFO root: Loaded ACC defects: 2350 rows
2025-11-07 14:02:01,256 INFO root: Loaded SIT defects: 3473 rows
2025-11-07 14:02:01,347 INFO root: Displayed ACC defects table with 2350 rows
2025-11-07 14:02:01,395 INFO root: Displayed SIT defects table with 3473 rows
2025-11-07 14:02:04,627 INFO root: Deleted old log folder: logs\2025-11-03
2025-11-07 14:02:04,628 INFO root: Deleted old log folder: logs\2025-11-04
2025-11-07 14:02:04,629 INFO root: Logger initialized, writing to logs\2025-11-07\app.log
2025-11-07 14:02:04,631 INFO root: Streamlit app started
2025-11-07 14:02:04,671 INFO root:  Database connection established successfully
2025-11-07 14:02:04,745 INFO root: Deleted old log folder: logs\2025-11-03
2025-11-07 14:02:04,746 INFO root: Deleted old log folder: logs\2025-11-04
2025-11-07 14:02:04,749 INFO root: Logger initialized, writing to logs\2025-11-07\app.log
2025-11-07 14:02:04,750 INFO root: Streamlit app started
2025-11-07 14:02:04,779 INFO root:  Database connection established successfully
2025-11-07 14:02:04,948 INFO root: Loaded ACC defects: 2350 rows
2025-11-07 14:02:05,070 INFO root: Loaded SIT defects: 3473 rows
2025-11-07 14:02:05,141 INFO root: Displayed ACC defects table with 2350 rows
2025-11-07 14:02:05,201 INFO root: Displayed SIT defects table with 3473 rows
2025-11-07 14:02:06,751 INFO root: Deleted old log folder: logs\2025-11-03
2025-11-07 14:02:06,753 INFO root: Deleted old log folder: logs\2025-11-04
2025-11-07 14:02:06,754 INFO root: Logger initialized, writing to logs\2025-11-07\app.log
2025-11-07 14:02:06,755 INFO root: Streamlit app started
2025-11-07 14:02:06,790 INFO root:  Database connection established successfully
2025-11-07 14:02:06,866 INFO root: Deleted old log folder: logs\2025-11-03
2025-11-07 14:02:06,866 INFO root: Deleted old log folder: logs\2025-11-04
2025-11-07 14:02:06,868 INFO root: Logger initialized, writing to logs\2025-11-07\app.log
2025-11-07 14:02:06,870 INFO root: Streamlit app started
2025-11-07 14:02:06,910 INFO root:  Database connection established successfully
2025-11-07 14:02:07,059 INFO root: Loaded ACC defects: 2350 rows
2025-11-07 14:02:07,196 INFO root: Loaded SIT defects: 3473 rows
2025-11-07 14:02:07,271 INFO root: Displayed ACC defects table with 2350 rows
2025-11-07 14:02:07,329 INFO root: Displayed SIT defects table with 3473 rows
2025-11-07 14:02:12,528 INFO root: Deleted old log folder: logs\2025-11-03
2025-11-07 14:02:12,530 INFO root: Deleted old log folder: logs\2025-11-04
2025-11-07 14:02:12,532 INFO root: Logger initialized, writing to logs\2025-11-07\app.log
2025-11-07 14:02:12,533 INFO root: Streamlit app started
2025-11-07 14:02:12,565 INFO root:  Database connection established successfully
2025-11-07 14:02:12,632 INFO root: Deleted old log folder: logs\2025-11-03
2025-11-07 14:02:12,635 INFO root: Deleted old log folder: logs\2025-11-04
2025-11-07 14:02:12,637 INFO root: Logger initialized, writing to logs\2025-11-07\app.log
2025-11-07 14:02:12,638 INFO root: Streamlit app started
2025-11-07 14:02:12,661 INFO root:  Database connection established successfully
2025-11-07 14:02:12,804 INFO root: Loaded ACC defects: 2350 rows
2025-11-07 14:02:12,914 INFO root: Loaded SIT defects: 3473 rows
2025-11-07 14:02:12,963 INFO root: Displayed ACC defects table with 2350 rows
2025-11-07 14:02:12,997 INFO root: Displayed SIT defects table with 3473 rows
2025-11-07 14:02:14,387 INFO root: Deleted old log folder: logs\2025-11-03
2025-11-07 14:02:14,388 INFO root: Deleted old log folder: logs\2025-11-04
2025-11-07 14:02:14,390 INFO root: Logger initialized, writing to logs\2025-11-07\app.log
2025-11-07 14:02:14,391 INFO root: Streamlit app started
2025-11-07 14:02:14,419 INFO root:  Database connection established successfully
2025-11-07 14:02:14,483 INFO root: Deleted old log folder: logs\2025-11-03
2025-11-07 14:02:14,484 INFO root: Deleted old log folder: logs\2025-11-04
2025-11-07 14:02:14,486 INFO root: Logger initialized, writing to logs\2025-11-07\app.log
2025-11-07 14:02:14,486 INFO root: Streamlit app started
2025-11-07 14:02:14,513 INFO root:  Database connection established successfully
2025-11-07 14:02:14,632 INFO root: Loaded ACC defects: 2350 rows
2025-11-07 14:02:14,758 INFO root: Loaded SIT defects: 3473 rows
2025-11-07 14:02:14,816 INFO root: Displayed ACC defects table with 2350 rows
2025-11-07 14:02:14,856 INFO root: Displayed SIT defects table with 3473 rows
2025-11-07 14:02:21,170 INFO root: Deleted old log folder: logs\2025-11-03
2025-11-07 14:02:21,172 INFO root: Deleted old log folder: logs\2025-11-04
2025-11-07 14:02:21,173 INFO root: Logger initialized, writing to logs\2025-11-07\app.log
2025-11-07 14:02:21,175 INFO root: Streamlit app started
2025-11-07 14:02:21,200 INFO root:  Database connection established successfully
2025-11-07 14:02:21,274 INFO root: Deleted old log folder: logs\2025-11-03
2025-11-07 14:02:21,275 INFO root: Deleted old log folder: logs\2025-11-04
2025-11-07 14:02:21,277 INFO root: Logger initialized, writing to logs\2025-11-07\app.log
2025-11-07 14:02:21,279 INFO root: Streamlit app started
2025-11-07 14:02:21,309 INFO root:  Database connection established successfully
2025-11-07 14:02:21,421 INFO root: Loaded ACC defects: 2350 rows
2025-11-07 14:02:21,513 INFO root: Loaded SIT defects: 3473 rows
2025-11-07 14:02:21,556 INFO root: Displayed ACC defects table with 2350 rows
2025-11-07 14:02:21,594 INFO root: Displayed SIT defects table with 3473 rows
2025-11-07 14:02:34,268 INFO root: Deleted old log folder: logs\2025-11-03
2025-11-07 14:02:34,270 INFO root: Deleted old log folder: logs\2025-11-04
2025-11-07 14:02:34,272 INFO root: Logger initialized, writing to logs\2025-11-07\app.log
2025-11-07 14:02:34,273 INFO root: Streamlit app started
2025-11-07 14:02:34,320 INFO root:  Database connection established successfully
2025-11-07 14:02:34,527 INFO root: Loaded ACC defects: 2350 rows
2025-11-07 14:02:34,531 INFO root: Deleted old log folder: logs\2025-11-03
2025-11-07 14:02:34,533 INFO root: Deleted old log folder: logs\2025-11-04
2025-11-07 14:02:34,536 INFO root: Logger initialized, writing to logs\2025-11-07\app.log
2025-11-07 14:02:34,537 INFO root: Streamlit app started
2025-11-07 14:02:34,583 INFO root:  Database connection established successfully
2025-11-07 14:02:34,983 INFO root: Loaded SIT defects: 3473 rows
2025-11-07 14:02:35,175 INFO root: Loaded ACC defects: 2350 rows
2025-11-07 14:02:35,403 INFO root: Loaded SIT defects: 3473 rows
2025-11-07 14:02:35,494 INFO root: Displayed ACC defects table with 2350 rows
2025-11-07 14:02:35,560 INFO root: Displayed SIT defects table with 3473 rows
2025-11-07 14:02:35,568 INFO root: User searched for Issue Key: OS-29080
2025-11-07 14:02:35,603 INFO root: Displaying ACC defect details for Issue Key: OS-29080
2025-11-07 14:02:39,647 INFO root: Deleted old log folder: logs\2025-11-03
2025-11-07 14:02:39,649 INFO root: Deleted old log folder: logs\2025-11-04
2025-11-07 14:02:39,652 INFO root: Logger initialized, writing to logs\2025-11-07\app.log
2025-11-07 14:02:39,653 INFO root: Streamlit app started
2025-11-07 14:02:39,690 INFO root:  Database connection established successfully
2025-11-07 14:02:39,893 INFO root: Loaded ACC defects: 2350 rows
2025-11-07 14:02:40,026 INFO root: Loaded SIT defects: 3473 rows
2025-11-07 14:02:40,108 INFO root: Displayed ACC defects table with 2350 rows
2025-11-07 14:02:40,169 INFO root: Displayed SIT defects table with 3473 rows
2025-11-07 14:02:40,350 INFO root: Deleted old log folder: logs\2025-11-03
2025-11-07 14:02:40,353 INFO root: Deleted old log folder: logs\2025-11-04
2025-11-07 14:02:40,355 INFO root: Logger initialized, writing to logs\2025-11-07\app.log
2025-11-07 14:02:40,357 INFO root: Streamlit app started
2025-11-07 14:02:40,424 INFO root:  Database connection established successfully
2025-11-07 14:02:40,667 INFO root: Deleted old log folder: logs\2025-11-03
2025-11-07 14:02:40,692 INFO root: Deleted old log folder: logs\2025-11-04
2025-11-07 14:02:40,719 INFO root: Loaded ACC defects: 2350 rows
2025-11-07 14:02:40,720 INFO root: Logger initialized, writing to logs\2025-11-07\app.log
2025-11-07 14:02:40,722 INFO root: Streamlit app started
2025-11-07 14:02:40,794 INFO root:  Database connection established successfully
2025-11-07 14:02:41,227 INFO root: Loaded SIT defects: 3473 rows
2025-11-07 14:02:41,366 INFO root: Loaded ACC defects: 2350 rows
2025-11-07 14:02:41,497 INFO root: Loaded SIT defects: 3473 rows
2025-11-07 14:02:41,552 INFO root: Displayed ACC defects table with 2350 rows
2025-11-07 14:02:41,606 INFO root: Displayed SIT defects table with 3473 rows
2025-11-07 14:02:41,625 INFO root: Displaying ACC defect details for Issue Key: OS-29080
2025-11-07 14:02:42,072 INFO root: Deleted old log folder: logs\2025-11-03
2025-11-07 14:02:42,073 INFO root: Deleted old log folder: logs\2025-11-04
2025-11-07 14:02:42,075 INFO root: Logger initialized, writing to logs\2025-11-07\app.log
2025-11-07 14:02:42,076 INFO root: Streamlit app started
2025-11-07 14:02:42,133 INFO root:  Database connection established successfully
2025-11-07 14:02:42,348 INFO root: Loaded ACC defects: 2350 rows
2025-11-07 14:02:42,536 INFO root: Loaded SIT defects: 3473 rows
2025-11-07 14:02:42,616 INFO root: Displayed ACC defects table with 2350 rows
2025-11-07 14:02:42,707 INFO root: Displayed SIT defects table with 3473 rows
2025-11-07 14:02:42,716 INFO root: Displaying ACC defect details for Issue Key: OS-29080
2025-11-07 14:02:45,982 INFO root: Deleted old log folder: logs\2025-11-03
2025-11-07 14:02:45,983 INFO root: Deleted old log folder: logs\2025-11-04
2025-11-07 14:02:45,985 INFO root: Logger initialized, writing to logs\2025-11-07\app.log
2025-11-07 14:02:45,987 INFO root: Streamlit app started
2025-11-07 14:02:46,033 INFO root:  Database connection established successfully
2025-11-07 14:02:46,221 INFO root: Deleted old log folder: logs\2025-11-03
2025-11-07 14:02:46,225 INFO root: Deleted old log folder: logs\2025-11-04
2025-11-07 14:02:46,228 INFO root: Logger initialized, writing to logs\2025-11-07\app.log
2025-11-07 14:02:46,229 INFO root: Streamlit app started
2025-11-07 14:02:46,283 INFO root:  Database connection established successfully
2025-11-07 14:02:46,339 INFO root: Loaded ACC defects: 2350 rows
2025-11-07 14:02:46,839 INFO root: Loaded ACC defects: 2350 rows
2025-11-07 14:02:46,934 INFO root: Loaded SIT defects: 3473 rows
2025-11-07 14:02:47,290 INFO root: Loaded SIT defects: 3473 rows
2025-11-07 14:02:47,421 INFO root: Displayed ACC defects table with 2350 rows
2025-11-07 14:02:47,481 INFO root: Displayed SIT defects table with 3473 rows
2025-11-07 14:02:47,500 INFO root: Displaying ACC defect details for Issue Key: OS-29080
2025-11-07 14:02:47,711 INFO root: ACC search returned 1404 rows for keyword 'error'
2025-11-07 14:02:47,776 INFO root: SIT search returned 507 rows for keyword 'error'
2025-11-07 14:02:48,448 INFO root: Generating OSF-System chart for ACC with 9 categories
2025-11-07 14:02:48,549 INFO root: Generating OSF-System chart for SIT with 7 categories
2025-11-07 14:02:48,584 INFO root: Generating vendor+application chart for ACC with 52 categories
2025-11-07 14:02:48,638 INFO root: Generating vendor+application chart for SIT with 20 categories
2025-11-07 14:02:56,928 INFO root: Deleted old log folder: logs\2025-11-03
2025-11-07 14:02:56,929 INFO root: Deleted old log folder: logs\2025-11-04
2025-11-07 14:02:56,930 INFO root: Logger initialized, writing to logs\2025-11-07\app.log
2025-11-07 14:02:56,931 INFO root: Streamlit app started
2025-11-07 14:02:56,969 INFO root:  Database connection established successfully
2025-11-07 14:02:57,262 INFO root: Loaded ACC defects: 2350 rows
2025-11-07 14:02:57,457 INFO root: Loaded SIT defects: 3473 rows
2025-11-07 14:02:57,548 INFO root: Displayed ACC defects table with 2350 rows
2025-11-07 14:02:57,620 INFO root: Displayed SIT defects table with 3473 rows
2025-11-07 14:02:57,630 INFO root: Displaying ACC defect details for Issue Key: OS-29080
2025-11-07 14:02:58,349 INFO root: Generating OSF-System chart for ACC with 9 categories
2025-11-07 14:02:58,404 INFO root: Generating OSF-System chart for SIT with 7 categories
2025-11-07 14:02:58,440 INFO root: Generating vendor+application chart for ACC with 52 categories
2025-11-07 14:02:58,498 INFO root: Generating vendor+application chart for SIT with 20 categories
2025-11-07 14:03:01,198 INFO root: Deleted old log folder: logs\2025-11-03
2025-11-07 14:03:01,200 INFO root: Deleted old log folder: logs\2025-11-04
2025-11-07 14:03:01,202 INFO root: Logger initialized, writing to logs\2025-11-07\app.log
2025-11-07 14:03:01,205 INFO root: Streamlit app started
2025-11-07 14:03:01,253 INFO root:  Database connection established successfully
2025-11-07 14:03:01,468 INFO root: Loaded ACC defects: 2350 rows
2025-11-07 14:03:01,653 INFO root: Loaded SIT defects: 3473 rows
2025-11-07 14:03:01,716 INFO root: Displayed ACC defects table with 2350 rows
2025-11-07 14:03:01,770 INFO root: Displayed SIT defects table with 3473 rows
2025-11-07 14:03:01,784 INFO root: Displaying ACC defect details for Issue Key: OS-29080
2025-11-07 14:03:02,383 INFO root: Generating OSF-System chart for ACC with 9 categories
2025-11-07 14:03:02,428 INFO root: Generating OSF-System chart for SIT with 7 categories
2025-11-07 14:03:02,466 INFO root: Generating vendor+application chart for ACC with 52 categories
2025-11-07 14:03:02,521 INFO root: Generating vendor+application chart for SIT with 20 categories
2025-11-07 14:03:14,486 INFO root: Deleted old log folder: logs\2025-11-03
2025-11-07 14:03:14,487 INFO root: Deleted old log folder: logs\2025-11-04
2025-11-07 14:03:14,488 INFO root: Logger initialized, writing to logs\2025-11-07\app.log
2025-11-07 14:03:14,489 INFO root: Streamlit app started
2025-11-07 14:03:14,534 INFO root:  Database connection established successfully
2025-11-07 14:03:14,647 INFO root: Deleted old log folder: logs\2025-11-03
2025-11-07 14:03:14,648 INFO root: Deleted old log folder: logs\2025-11-04
2025-11-07 14:03:14,650 INFO root: Logger initialized, writing to logs\2025-11-07\app.log
2025-11-07 14:03:14,651 INFO root: Streamlit app started
2025-11-07 14:03:14,693 INFO root:  Database connection established successfully
2025-11-07 14:03:14,940 INFO root: Loaded ACC defects: 2350 rows
2025-11-07 14:03:15,129 INFO root: Loaded SIT defects: 3473 rows
2025-11-07 14:03:15,223 INFO root: Displayed ACC defects table with 2350 rows
2025-11-07 14:03:15,288 INFO root: Displayed SIT defects table with 3473 rows
2025-11-07 14:03:15,295 INFO root: Displaying ACC defect details for Issue Key: OS-29080
2025-11-07 14:03:15,858 INFO root: Generating OSF-System chart for ACC with 9 categories
2025-11-07 14:03:15,890 INFO root: Generating OSF-System chart for SIT with 7 categories
2025-11-07 14:03:15,918 INFO root: Generating vendor+application chart for ACC with 52 categories
2025-11-07 14:03:15,961 INFO root: Generating vendor+application chart for SIT with 20 categories
2025-11-07 14:03:24,130 INFO root: Deleted old log folder: logs\2025-11-03
2025-11-07 14:03:24,131 INFO root: Deleted old log folder: logs\2025-11-04
2025-11-07 14:03:24,132 INFO root: Logger initialized, writing to logs\2025-11-07\app.log
2025-11-07 14:03:24,133 INFO root: Streamlit app started
2025-11-07 14:03:24,168 INFO root:  Database connection established successfully
2025-11-07 14:03:24,261 INFO root: Deleted old log folder: logs\2025-11-03
2025-11-07 14:03:24,262 INFO root: Deleted old log folder: logs\2025-11-04
2025-11-07 14:03:24,263 INFO root: Logger initialized, writing to logs\2025-11-07\app.log
2025-11-07 14:03:24,265 INFO root: Streamlit app started
2025-11-07 14:03:24,301 INFO root:  Database connection established successfully
2025-11-07 14:03:24,466 INFO root: Loaded ACC defects: 2350 rows
2025-11-07 14:03:24,597 INFO root: Loaded SIT defects: 3473 rows
2025-11-07 14:03:24,647 INFO root: Displayed ACC defects table with 2350 rows
2025-11-07 14:03:24,708 INFO root: Displayed SIT defects table with 3473 rows
2025-11-07 14:03:24,720 INFO root: Displaying ACC defect details for Issue Key: OS-29080
2025-11-07 14:03:25,175 INFO root: Generating OSF-System chart for ACC with 9 categories
2025-11-07 14:03:25,222 INFO root: Generating OSF-System chart for SIT with 7 categories
2025-11-07 14:03:25,272 INFO root: Generating vendor+application chart for ACC with 52 categories
2025-11-07 14:03:25,328 INFO root: Generating vendor+application chart for SIT with 20 categories
2025-11-07 14:03:27,367 INFO root: Deleted old log folder: logs\2025-11-03
2025-11-07 14:03:27,369 INFO root: Deleted old log folder: logs\2025-11-04
2025-11-07 14:03:27,372 INFO root: Logger initialized, writing to logs\2025-11-07\app.log
2025-11-07 14:03:27,374 INFO root: Streamlit app started
2025-11-07 14:03:27,429 INFO root:  Database connection established successfully
2025-11-07 14:03:27,542 INFO root: Deleted old log folder: logs\2025-11-03
2025-11-07 14:03:27,544 INFO root: Deleted old log folder: logs\2025-11-04
2025-11-07 14:03:27,546 INFO root: Logger initialized, writing to logs\2025-11-07\app.log
2025-11-07 14:03:27,547 INFO root: Streamlit app started
2025-11-07 14:03:27,607 INFO root:  Database connection established successfully
2025-11-07 14:03:27,906 INFO root: Loaded ACC defects: 2350 rows
2025-11-07 14:03:28,138 INFO root: Loaded SIT defects: 3473 rows
2025-11-07 14:03:28,236 INFO root: Displayed ACC defects table with 2350 rows
2025-11-07 14:03:28,307 INFO root: Displayed SIT defects table with 3473 rows
2025-11-07 14:03:28,323 INFO root: Displaying ACC defect details for Issue Key: OS-29080
2025-11-07 14:03:28,925 INFO root: Generating OSF-System chart for ACC with 9 categories
2025-11-07 14:03:28,964 INFO root: Generating OSF-System chart for SIT with 7 categories
2025-11-07 14:03:29,007 INFO root: Generating vendor+application chart for ACC with 52 categories
2025-11-07 14:03:29,058 INFO root: Generating vendor+application chart for SIT with 20 categories
2025-11-07 14:03:59,089 INFO root: Deleted old log folder: logs\2025-11-03
2025-11-07 14:03:59,090 INFO root: Deleted old log folder: logs\2025-11-04
2025-11-07 14:03:59,092 INFO root: Logger initialized, writing to logs\2025-11-07\app.log
2025-11-07 14:03:59,093 INFO root: Streamlit app started
2025-11-07 14:03:59,121 INFO root:  Database connection established successfully
2025-11-07 14:03:59,213 INFO root: Deleted old log folder: logs\2025-11-03
2025-11-07 14:03:59,214 INFO root: Deleted old log folder: logs\2025-11-04
2025-11-07 14:03:59,215 INFO root: Logger initialized, writing to logs\2025-11-07\app.log
2025-11-07 14:03:59,216 INFO root: Streamlit app started
2025-11-07 14:03:59,250 INFO root:  Database connection established successfully
2025-11-07 14:03:59,380 INFO root: Loaded ACC defects: 2350 rows
2025-11-07 14:03:59,463 INFO root: Loaded SIT defects: 3473 rows
2025-11-07 14:03:59,518 INFO root: Displayed ACC defects table with 2350 rows
2025-11-07 14:03:59,555 INFO root: Displayed SIT defects table with 3473 rows
2025-11-07 14:03:59,562 INFO root: Displaying ACC defect details for Issue Key: OS-29080
2025-11-07 14:03:59,932 INFO root: Generating OSF-System chart for ACC with 9 categories
2025-11-07 14:03:59,967 INFO root: Generating OSF-System chart for SIT with 7 categories
2025-11-07 14:03:59,988 INFO root: Generating vendor+application chart for ACC with 52 categories
2025-11-07 14:04:00,023 INFO root: Generating vendor+application chart for SIT with 20 categories
